/home/mvdhnm/torch_env/lib/python3.11/site-packages/torch/nn/functional.py:3782: UserWarning: nn.functional.upsample is deprecated. Use nn.functional.interpolate instead.
  warnings.warn("nn.functional.upsample is deprecated. Use nn.functional.interpolate instead.")
9
level 1024 1 1024
torch.Size([1024])
torch.Size([1024, 1024, 1])
edge torch.Size([2, 2048])
edge_inter torch.Size([2, 3066])
level 512 2 512
torch.Size([512])
torch.Size([1024, 512, 1])
edge_inter torch.Size([2, 1530])
level 256 4 256
torch.Size([256])
torch.Size([1024, 256, 1])
edge_inter torch.Size([2, 762])
level 128 8 128
torch.Size([128])
torch.Size([1024, 128, 1])
edge_inter torch.Size([2, 378])
level 64 16 64
torch.Size([64])
torch.Size([1024, 64, 1])
edge_inter torch.Size([2, 186])
level 32 32 32
torch.Size([32])
torch.Size([1024, 32, 1])
edge_inter torch.Size([2, 90])
level 16 64 16
torch.Size([16])
torch.Size([1024, 16, 1])
edge_inter torch.Size([2, 42])
level 8 128 8
torch.Size([8])
torch.Size([1024, 8, 1])
edge_inter torch.Size([2, 18])
level 4 256 4
torch.Size([4])
torch.Size([1024, 4, 1])
edge_inter torch.Size([2, 16])
9 10 9
9
level 1024 1 1024
torch.Size([1024])
torch.Size([100, 1024, 1])
edge torch.Size([2, 2048])
edge_inter torch.Size([2, 3066])
level 512 2 512
torch.Size([512])
torch.Size([100, 512, 1])
edge_inter torch.Size([2, 1530])
level 256 4 256
torch.Size([256])
torch.Size([100, 256, 1])
edge_inter torch.Size([2, 762])
level 128 8 128
torch.Size([128])
torch.Size([100, 128, 1])
edge_inter torch.Size([2, 378])
level 64 16 64
torch.Size([64])
torch.Size([100, 64, 1])
edge_inter torch.Size([2, 186])
level 32 32 32
torch.Size([32])
torch.Size([100, 32, 1])
edge_inter torch.Size([2, 90])
level 16 64 16
torch.Size([16])
torch.Size([100, 16, 1])
edge_inter torch.Size([2, 42])
level 8 128 8
torch.Size([8])
torch.Size([100, 8, 1])
edge_inter torch.Size([2, 18])
level 4 256 4
torch.Size([4])
torch.Size([100, 4, 1])
edge_inter torch.Size([2, 16])
9 10 9
0 57.34991422301391 11.13902401584528 1.1270859293290414
1 57.228318731009495 0.19352679808343964 0.3232936008571414
2 57.15397991298232 0.09590004818187481 0.24825920354487607
3 57.177781270002015 0.0794762372677269 0.221423183393199
4 57.03681300004246 0.057269474366648865 0.20048828178551048
5 56.98960392799927 0.044708734185405774 0.18470720047480427
6 57.21775404200889 0.04193524937602433 0.1760143949140911
7 57.235087109031156 0.03692380565212261 0.16630549333058298
8 57.253244947001804 0.031087271756291557 0.15689240214851452
9 56.907609311980195 0.028001757648894454 0.14870786311803386
10 57.19547723297728 0.02244366170015155 0.13353669399293722
11 57.25196461001178 0.019736059292256414 0.12703954647076898
12 57.25964419101365 0.018883856167036583 0.12180191983497934
13 57.24332323600538 0.01610234597529825 0.11651320199598558
14 57.12720381002873 0.015701769184204295 0.11322368388209725
15 57.03727741597686 0.014584634030939014 0.109340531835187
16 57.017618217971176 0.014448341301147138 0.10854229589313036
17 57.023586494033225 0.013771246400779091 0.10761911060762941
18 57.03360899101244 0.013059236978364197 0.10287286370294169
19 56.61071920802351 0.012376060593055627 0.10180095535542932
20 56.71682220499497 0.010473414499131195 0.09385536222180235
21 56.795970057020895 0.009580977042361383 0.09115035814465955
22 56.72860754997237 0.00929422067437713 0.08966768754180521
23 56.71287843200844 0.009046891354444142 0.08737114916948485
24 56.63116335996892 0.008819056310102269 0.0871559656879981
25 56.65400061500259 0.00822954460718961 0.08436965271903318
26 56.65853777597658 0.008109316944512557 0.0834761037658609
27 56.63619801099412 0.008082891611323362 0.08281181747588562
28 56.64437162404647 0.007464007582200338 0.08098225714638829
29 56.62109359505121 0.00722639120021995 0.08000240188994212
30 56.63706000597449 0.006545613189160804 0.0761961533316935
31 56.64208187197801 0.006262657467431154 0.0748743104213645
32 56.64834165398497 0.00599365914067107 0.07301483262926922
33 56.63430603896268 0.005866241181692544 0.07209872776547854
34 56.651240109989885 0.005710595271125385 0.07105944161958178
35 56.6518839179771 0.00579937827189525 0.07115295538460487
36 56.65863584604813 0.005441629777450885 0.06934993737741024
37 56.63183447701158 0.00522835526217591 0.06848735882886103
38 56.64125889103161 0.0051394723501658746 0.06789480924999225
39 56.618332765996456 0.005032916989257785 0.0671186823201424
40 56.627083988976665 0.005173698283023498 0.06789849494816735
41 56.61981319700135 0.004904591992215046 0.06627633589232573
42 56.64028741099173 0.00465222944518473 0.06485063604850438
43 56.611637813039124 0.0045073073482058135 0.06400924791887519
44 56.65709638799308 0.004352569591006272 0.06293122716670041
45 56.65803606499685 0.004191251722929223 0.06197549213538878
46 56.74372948799282 0.004102122334217029 0.06132181896100519
47 56.644879548985045 0.004025115009945068 0.060853287959616864
48 56.64051685598679 0.003919522125123365 0.060349549235979794
49 56.653445501986425 0.003817974084554976 0.05955577237546095
50 56.64141370402649 0.0040488851643516455 0.06078007365067606
51 56.66700243897503 0.003865489345812989 0.059520379445530125
52 56.75179810298141 0.003710468985332227 0.05848909287669812
53 58.07500859699212 0.003604171564944636 0.05781352753001556
54 57.50072391703725 0.0034896201108338687 0.057067182649916504
55 56.71713413699763 0.0034077411243913502 0.0564502087636356
56 56.676487907010596 0.003339648057611555 0.05595897079911083
57 56.70941053295974 0.003265247076690514 0.055408200916645
58 56.82734428002732 0.0032210687423344098 0.05507086139732564
59 57.129693587019574 0.0031715810620127627 0.05467536377364013
60 57.106732394953724 0.0032544505360121434 0.05487262240421842
61 57.09857440699125 0.003126685798505946 0.05384165341638436
62 57.147929975006264 0.0030230613381334592 0.053175869386905106
63 57.10593379003694 0.0029501946386147893 0.052627532839323976
64 57.120453663985245 0.0028884836303433303 0.05215197842881025
65 57.12659647304099 0.002824977894981373 0.05166010273205757
66 57.13798078801483 0.002787010008894697 0.051311741532117594
67 57.11465732002398 0.0027399397639626955 0.05090663031114673
68 57.11263583099935 0.0027035123671979022 0.05060520094775711
69 57.1229111229768 0.0026648865836378377 0.050243700097780675
70 57.120112358010374 0.002677851199791803 0.050080764733138494
71 57.14142711402383 0.0025913079257406935 0.04934061680069135
72 57.158876187051646 0.0025417957366826727 0.04890788434568094
73 57.12787417299114 0.002496737636853652 0.04850433332649118
74 57.11346688499907 0.0024595646078395816 0.048142892546820804
75 57.12624045100529 0.0024247336167206868 0.04784840764114051
76 57.130734877020586 0.0023984972326118736 0.047583624018443516
77 57.12242976704147 0.0023610394606805585 0.0472986919721734
78 57.08397567999782 0.002340390772147316 0.04705463704885915
79 57.10431465500733 0.0023123178905066766 0.0468045083234756
80 57.118327154021244 0.002303126061178773 0.04662646706128726
81 57.113331763015594 0.0022710171675726087 0.04623866139081656
82 57.10360307403607 0.002233326307660377 0.04590757168989512
83 57.14471103902906 0.0021990558853914877 0.04561047055540257
84 57.22770881396718 0.0021677501072545624 0.04532762390226708
85 57.14730845199665 0.00214563772630072 0.04509338620482595
86 57.143778027035296 0.0021250142428783647 0.04488628115723259
87 57.14859924704069 0.002103282483908231 0.044658599899776164
88 57.12534757395042 0.002085054021989663 0.04448934587344411
89 57.12204408698017 0.0020623941672184287 0.04427493154616968
90 57.11052887700498 0.0020685999063161375 0.04428308711067075
91 57.12202727497788 0.002041555186117705 0.044033392803612514
92 57.12677483801963 0.002021051188705769 0.04382817369514669
93 57.15333894797368 0.0019994152489957173 0.043618584004434524
94 57.13717762497254 0.001981794018909966 0.043432839620436425
95 57.082408611953724 0.0019595999045236567 0.043235430217464454
96 57.114350654010195 0.0019433866494011909 0.043064257562946295
97 57.079574536997825 0.0019261448048339957 0.042889306432698504
98 57.16772949800361 0.0019139424965004537 0.04274377049659961
99 57.148591801989824 0.0019008419113362152 0.04259499228646746
100 57.12192474998301 0.0019368353282089856 0.04283516144460009
101 57.12169414199889 0.0019045813500611075 0.04260857337794732
102 57.179134122037794 0.0018822120523083186 0.042403377206937876
103 57.11704374902183 0.001862381358542109 0.04221275980125938
104 57.169442320999224 0.0018460183666277885 0.04204431805010245
105 57.152346474002115 0.0018325357771260542 0.041904065939888824
106 57.14135399396764 0.0018203707771391464 0.04175915816631459
107 57.144411141984165 0.001807005139326634 0.041622022490628297
108 57.18386142200325 0.0017961413869471698 0.04148881862965936
109 57.177015180001035 0.0017815045216096337 0.04135160954865569
110 57.16791054804344 0.0017910645434682237 0.04142965137543797
111 57.15185525099514 0.0017724219785080209 0.041227682639146224
112 57.14480656199157 0.0017563924998000857 0.041060835397729534
113 57.144634578959085 0.0017419794201671834 0.040922535734353005
114 57.127073666022625 0.001730223674933029 0.040794067821479985
115 57.191661129007116 0.0017189498045198093 0.040674707446669345
116 57.14829386002384 0.0017085605846176577 0.040560412367995013
117 57.129996769013815 0.00169847914477117 0.04045135727028537
118 57.11598760500783 0.0016901051732958194 0.04034951844914758
119 57.14753663603915 0.001679864796656716 0.0402450936690002
120 57.125983773963526 0.0016785796917773155 0.040213905749624246
121 56.709166415035725 0.0016652939818868617 0.04005222823434451
122 56.73511056799907 0.00165436017420717 0.03993130511298659
123 56.71390887099551 0.0016447501433773937 0.03982853108936979
124 56.75445715797832 0.001635333028438879 0.03972699632322474
125 57.15788871003315 0.0016276621087456533 0.03964046770670393
126 57.13529633299913 0.0016197146681378172 0.03955115202734305
127 57.12418303900631 0.0016128557267975907 0.03947075343603501
128 56.733090477006044 0.0016055389073628135 0.03938715235381096
129 56.697508143028244 0.0015988118177219235 0.03930921369828866
130 56.70407682500081 0.0015957423625749811 0.03926976941329485
131 56.66078855301021 0.0015861283078635324 0.03914995392005949
132 56.896118468022905 0.0015781412349156199 0.0390583704047458
133 56.833705626020674 0.001571012057631549 0.038977698670350946
134 56.845725341991056 0.0015640876606575205 0.038899272638445836
135 57.03084792901063 0.001557890035300602 0.03882857950520702
136 56.93362885800889 0.0015523041597518272 0.0387607842185389
137 56.89718191802967 0.0015463174316288075 0.03869189131000894
138 56.819448549009394 0.0015408016237898892 0.0386274875527306
139 56.58602825598791 0.0015353500353043614 0.03856408383217058
140 56.57708938099677 0.001532643441784387 0.038521720676726545
141 56.568686667014845 0.0015257118543701154 0.03843618203245569
142 56.578477936040144 0.001519565787479138 0.03836279656206898
143 56.57025268900907 0.0015138267959429186 0.038296957145576016
144 56.561463660968 0.001508589336673083 0.03823760715567914
145 56.5611391569837 0.0015038924918400198 0.03817954324949824
146 56.55470840801718 0.0014990622486834582 0.03812225103865785
147 56.607230375986546 0.001494570809015272 0.03806912808431662
148 57.03199018898886 0.0014900372053077149 0.038015900094251265
149 56.58306969102705 0.0014856410396397735 0.037963972477882635
150 56.55672460695496 0.001481931349395893 0.03790150374879886
151 56.53761293704156 0.0014770782995441323 0.03783664836555545
152 56.555691783025395 0.0014723450765359303 0.03778172679631098
153 56.54166507796617 0.0014679326934796677 0.03773144109072746
154 56.787047293037176 0.0014639854225180216 0.037683719991036924
155 56.55580840900075 0.0014602440834039498 0.03763872755189368
156 56.564560710976366 0.0014566076130151373 0.037594408329823636
157 56.573384221002925 0.0014529279922825822 0.037550416418525856
158 57.05915212299442 0.0014493086087199458 0.03750728629711375
159 57.099029214994516 0.0014462554049323728 0.03746788298121828
160 57.10541621095035 0.0014422679427639196 0.037393845839687856
161 57.00352338695666 0.0014382792029508096 0.037339654916650034
162 57.000858995947056 0.0014348337991094695 0.037298251498214086
163 57.06992411299143 0.0014317009147610804 0.03725978023430798
164 57.09085234499071 0.001428683703196043 0.03722270397520333
165 57.12281462003011 0.0014259037277781772 0.03718782386567909
166 57.00527066702489 0.0014230837702520205 0.03715251924586482
167 57.032899439975154 0.0014203916996642363 0.03711853019922273
168 57.10533639002824 0.0014175447923889806 0.03708378838382487
169 57.02702511497773 0.0014149560365090963 0.03705150672249147
170 57.044559589994606 0.0014117984486929913 0.03698716528742807
171 57.06632357998751 0.0014083885547648833 0.03694364071452583
172 57.16765893500997 0.0014057672615805927 0.03691029001674906
173 57.12156281899661 0.0014032803206589506 0.0368804386107513
174 57.12822980200872 0.0014008510054743795 0.03685058979499445
175 57.1000769759994 0.0013986172035629352 0.03682248374934716
176 57.07391486596316 0.0013963049304628328 0.03679437672326458
177 57.05007425695658 0.0013941603488731857 0.03676738055219175
178 57.127037169004325 0.0013918948768463224 0.03673980692474288
179 57.09412273496855 0.0013898446113529417 0.03671370907250093
180 57.06915354402736 0.0013873472433161282 0.0366616026039992
181 57.07846095802961 0.0013843494835761305 0.036623872138079605
182 57.10925582400523 0.0013823518082531905 0.036599152354028774
183 57.071944650961086 0.001380415194375928 0.036575101175913005
184 57.044984752021264 0.001378503276860954 0.03655204241294996
185 57.07077409897465 0.001376732326889396 0.03652949997558608
186 57.02301759400871 0.0013750078796093135 0.036507588363747345
187 57.02221561502665 0.0013732363430314365 0.036485536464169854
188 57.02310451597441 0.0013715310103279421 0.03646449593179568
189 57.10563061898574 0.0013698888135103005 0.03644370272741071
190 57.11696754198056 0.0013679741879926155 0.03640083483333001
191 57.12975523096975 0.0013655366453022566 0.03637053017155267
192 57.14545247302158 0.001363865445348722 0.036350482934722095
193 57.09045394702116 0.001362460049733727 0.03633236678069807
194 57.14269544102717 0.0013609483685677048 0.0363141461093619
195 57.118622201960534 0.0013595685591702988 0.03629645974797313
196 57.13025736401323 0.0013581612983557534 0.036279165966334403
197 57.10214075399563 0.0013567757926935542 0.036261703296986525
198 57.149192423035856 0.0013554516292373364 0.03624488449713681
199 57.10356928705005 0.0013541370654692741 0.036228337199645466
0 0.03866605833172798
1 0.06698671728372574
2 0.03591140732169151
3 0.046564143151044846
4 0.03094385750591755
5 0.04389640688896179
6 0.04369364678859711
7 0.09682707488536835
8 0.05381017550826073
9 0.03975806012749672
10 0.049324456602334976
11 0.03720555081963539
12 0.05920567363500595
13 0.07624508440494537
14 0.0308942012488842
15 0.02527606673538685
16 0.037081580609083176
17 0.06081870198249817
18 0.03503100574016571
19 0.056859102100133896
20 0.03999640792608261
21 0.03193816915154457
22 0.0441376231610775
23 0.05317441001534462
24 0.062430672347545624
25 0.06452448666095734
26 0.0697672963142395
27 0.03552519902586937
28 0.048156026750802994
29 0.049722593277692795
30 0.043704237788915634
31 0.05097699910402298
32 0.03759727627038956
33 0.046348150819540024
34 0.11708709597587585
35 0.07047020643949509
36 0.049286842346191406
37 0.0360756553709507
38 0.025715483352541924
39 0.043742746114730835
40 0.06195113807916641
41 0.11274608969688416
42 0.035194724798202515
43 0.048249516636133194
44 0.04068494588136673
45 0.03156271576881409
46 0.03295489773154259
47 0.03415286913514137
48 0.06305008381605148
49 0.06982971727848053
50 0.031780440360307693
51 0.03787242993712425
52 0.04244387149810791
53 0.05991364270448685
54 0.04400588572025299
55 0.04790351912379265
56 0.06233478710055351
57 0.04935288801789284
58 0.20600800216197968
59 0.040132299065589905
60 0.055195555090904236
61 0.06957131624221802
62 0.04017815738916397
63 0.04072948917746544
64 0.04091299697756767
65 0.08515042811632156
66 0.03626379370689392
67 0.06922679394483566
68 0.04350924864411354
69 0.04627230763435364
70 0.05103355273604393
71 0.034088801592588425
72 0.04290471225976944
73 0.04177992045879364
74 0.08483684062957764
75 0.04855198785662651
76 0.08522462844848633
77 0.05647946149110794
78 0.07361976057291031
79 0.040095873177051544
80 0.07885076850652695
81 0.05817347392439842
82 0.030623339116573334
83 0.06653967499732971
84 0.0574226975440979
85 0.05376492068171501
86 0.034408148378133774
87 0.03596154972910881
88 0.04471394047141075
89 0.06495296210050583
90 0.04610292986035347
91 0.07706540822982788
92 0.05820883810520172
93 0.05546099692583084
94 0.15373103320598602
95 0.0687137171626091
96 0.08896328508853912
97 0.0941755399107933
98 0.04156353324651718
99 0.09760379046201706
200 1.8822748099919409 0.05530127188190818
Traceback (most recent call last):
  File "/home/mvdhnm/graph-pde-maanav/multipole-graph-neural-operator/MGKN_orthogonal_burgers1d.py", line 288, in <module>
    np.savetxt(path_train_err, ttrain)
  File "/home/mvdhnm/torch_env/lib/python3.11/site-packages/numpy/lib/npyio.py", line 1556, in savetxt
    open(fname, 'wt').close()
    ^^^^^^^^^^^^^^^^^
FileNotFoundError: [Errno 2] No such file or directory: 'results/multipole_burgersR10_s1024_ntrain1024_kerwidth1024train.txt'
